[     365ms] [LOG] %c
▲

__  __                                     _            __
\ \/ /___  __  __   _________ _____       (_)_  _______/ /_
 \  / __ \/ / / /  / ___/ __ `/ __ \     / / / / / ___/ __/
 / / /_/ / /_/ /  / /__/ /_/ / / / /    / / /_/ (__  ) /_
/_/\____/\__,_/   \___/\__,_/_/ /_/  __/ /\__,_/____/\__/
         __    _          __  __    /___/
   _____/ /_  (_)___     / /_/ /_  (_)___  ____ ______
  / ___/ __ \/ / __ \   / __/ __ \/ / __ \/ __ `/ ___/
 (__  ) / / / / /_/ /  / /_/ / / / / / / / /_/ (__  )
/____/_/ /_/_/ .___/   \__/_/ /_/_/_/ /_/\__, /____/
            /_/                         /____/
  

Hello!

- Open Source https://vercel.com/oss
- Careers https://vercel.com/careers
- Status https://vercel-status.com

 font-family: "Geist Mono", monospace; white-space: pre; line-height: 1; @ https://vercel.com/_next/static/immutable/chunks/1sjcl_g7---zh.js:78
[     827ms] [ERROR] Failed to load resource: the server responded with a status of 403 () @ https://vercel.com/api/jwt:0
[     834ms] [WARNING] [GSI_LOGGER]: Your client application uses one of the Google One Tap prompt UI status methods that may stop functioning when FedCM becomes mandatory. Refer to the migration guide to update your code accordingly and opt-in to FedCM to test your changes. Learn more: https://developers.google.com/identity/gsi/web/guides/fedcm-migration?s=dc#display_moment and https://developers.google.com/identity/gsi/web/guides/fedcm-migration?s=dc#skipped_moment @ https://accounts.google.com/gsi/client:84
[     881ms] [WARNING] Deprecated API for given entry type. @ https://vercel.com/_next/static/immutable/chunks/14pd6hnsz7a70.js:18
[    1281ms] [ERROR] Provider's accounts list is empty. @ https://vercel.com/login?next=%2Feunjuhyun88s-projects%2Fcogochi-2%2Fsettings%2Fenvironment:0
[    4149ms] [WARNING] The resource https://vercel.com/_next/static/immutable/media/ebay-dark.34mho2a18qqlt.svg was preloaded using link preload but not used within a few seconds from the window's load event. Please make sure it has an appropriate `as` value and it is preloaded intentionally. @ https://vercel.com/login?next=%2Feunjuhyun88s-projects%2Fcogochi-2%2Fsettings%2Fenvironment:0
[    4149ms] [WARNING] The resource https://vercel.com/_next/static/immutable/media/adobe-light.406_7oryl71va.svg was preloaded using link preload but not used within a few seconds from the window's load event. Please make sure it has an appropriate `as` value and it is preloaded intentionally. @ https://vercel.com/login?next=%2Feunjuhyun88s-projects%2Fcogochi-2%2Fsettings%2Fenvironment:0
[    4149ms] [WARNING] The resource https://vercel.com/_next/static/immutable/media/ebay-light.3ft_ki8203ov0.svg was preloaded using link preload but not used within a few seconds from the window's load event. Please make sure it has an appropriate `as` value and it is preloaded intentionally. @ https://vercel.com/login?next=%2Feunjuhyun88s-projects%2Fcogochi-2%2Fsettings%2Fenvironment:0
[    4149ms] [WARNING] The resource https://vercel.com/_next/static/immutable/chunks/2uy8z5mjkbsfz.css was preloaded using link preload but not used within a few seconds from the window's load event. Please make sure it has an appropriate `as` value and it is preloaded intentionally. @ https://vercel.com/login?next=%2Feunjuhyun88s-projects%2Fcogochi-2%2Fsettings%2Fenvironment:0
[    4149ms] [WARNING] The resource https://vercel.com/_next/static/immutable/media/adobe-dark.1yc1msmmj95aw.svg was preloaded using link preload but not used within a few seconds from the window's load event. Please make sure it has an appropriate `as` value and it is preloaded intentionally. @ https://vercel.com/login?next=%2Feunjuhyun88s-projects%2Fcogochi-2%2Fsettings%2Fenvironment:0
[    4149ms] [WARNING] The resource https://vercel.com/_next/static/immutable/media/stripe-light.2l_1jctpe6k_4.svg was preloaded using link preload but not used within a few seconds from the window's load event. Please make sure it has an appropriate `as` value and it is preloaded intentionally. @ https://vercel.com/login?next=%2Feunjuhyun88s-projects%2Fcogochi-2%2Fsettings%2Fenvironment:0
[    4149ms] [WARNING] The resource https://vercel.com/_next/static/immutable/media/stripe-dark.16ozjth2vgb_3.svg was preloaded using link preload but not used within a few seconds from the window's load event. Please make sure it has an appropriate `as` value and it is preloaded intentionally. @ https://vercel.com/login?next=%2Feunjuhyun88s-projects%2Fcogochi-2%2Fsettings%2Fenvironment:0
[    4149ms] [WARNING] The resource https://vercel.com/_next/static/immutable/chunks/1_1b0szk1qyd1.css was preloaded using link preload but not used within a few seconds from the window's load event. Please make sure it has an appropriate `as` value and it is preloaded intentionally. @ https://vercel.com/login?next=%2Feunjuhyun88s-projects%2Fcogochi-2%2Fsettings%2Fenvironment:0
[    4149ms] [WARNING] The resource https://vercel.com/_next/static/immutable/chunks/0s_4tal7m9f_d.css was preloaded using link preload but not used within a few seconds from the window's load event. Please make sure it has an appropriate `as` value and it is preloaded intentionally. @ https://vercel.com/login?next=%2Feunjuhyun88s-projects%2Fcogochi-2%2Fsettings%2Fenvironment:0
[    6098ms] [ERROR] [GSI_LOGGER]: FedCM get() rejects with NetworkError: Error retrieving a token. @ https://vercel.com/_next/static/immutable/chunks/2kzx1dpmz2gp7.js:1
[    6151ms] [ERROR] Failed to load resource: the server responded with a status of 429 () @ https://o205439.ingest.sentry.io/api/1323670/envelope/?sentry_key=d00780d432ac4ccf882f60dd02062e14&sentry_version=7&sentry_client=sentry.javascript.browser%2F7.111.0:0
[    9202ms] [WARNING] The resource https://vercel.com/_next/static/immutable/media/ebay-dark.34mho2a18qqlt.svg was preloaded using link preload but not used within a few seconds from the window's load event. Please make sure it has an appropriate `as` value and it is preloaded intentionally. @ https://vercel.com/login?next=%2Feunjuhyun88s-projects%2Fcogochi-2%2Fsettings%2Fenvironment:0
[    9202ms] [WARNING] The resource https://vercel.com/_next/static/immutable/media/adobe-light.406_7oryl71va.svg was preloaded using link preload but not used within a few seconds from the window's load event. Please make sure it has an appropriate `as` value and it is preloaded intentionally. @ https://vercel.com/login?next=%2Feunjuhyun88s-projects%2Fcogochi-2%2Fsettings%2Fenvironment:0
[    9202ms] [WARNING] The resource https://vercel.com/_next/static/immutable/media/ebay-light.3ft_ki8203ov0.svg was preloaded using link preload but not used within a few seconds from the window's load event. Please make sure it has an appropriate `as` value and it is preloaded intentionally. @ https://vercel.com/login?next=%2Feunjuhyun88s-projects%2Fcogochi-2%2Fsettings%2Fenvironment:0
[    9202ms] [WARNING] The resource https://vercel.com/_next/static/immutable/chunks/2uy8z5mjkbsfz.css was preloaded using link preload but not used within a few seconds from the window's load event. Please make sure it has an appropriate `as` value and it is preloaded intentionally. @ https://vercel.com/login?next=%2Feunjuhyun88s-projects%2Fcogochi-2%2Fsettings%2Fenvironment:0
[    9202ms] [WARNING] The resource https://vercel.com/_next/static/immutable/media/adobe-dark.1yc1msmmj95aw.svg was preloaded using link preload but not used within a few seconds from the window's load event. Please make sure it has an appropriate `as` value and it is preloaded intentionally. @ https://vercel.com/login?next=%2Feunjuhyun88s-projects%2Fcogochi-2%2Fsettings%2Fenvironment:0
[    9202ms] [WARNING] The resource https://vercel.com/_next/static/immutable/media/stripe-light.2l_1jctpe6k_4.svg was preloaded using link preload but not used within a few seconds from the window's load event. Please make sure it has an appropriate `as` value and it is preloaded intentionally. @ https://vercel.com/login?next=%2Feunjuhyun88s-projects%2Fcogochi-2%2Fsettings%2Fenvironment:0
[    9203ms] [WARNING] The resource https://vercel.com/_next/static/immutable/media/stripe-dark.16ozjth2vgb_3.svg was preloaded using link preload but not used within a few seconds from the window's load event. Please make sure it has an appropriate `as` value and it is preloaded intentionally. @ https://vercel.com/login?next=%2Feunjuhyun88s-projects%2Fcogochi-2%2Fsettings%2Fenvironment:0
[    9203ms] [WARNING] The resource https://vercel.com/_next/static/immutable/chunks/1_1b0szk1qyd1.css was preloaded using link preload but not used within a few seconds from the window's load event. Please make sure it has an appropriate `as` value and it is preloaded intentionally. @ https://vercel.com/login?next=%2Feunjuhyun88s-projects%2Fcogochi-2%2Fsettings%2Fenvironment:0
[    9203ms] [WARNING] The resource https://vercel.com/_next/static/immutable/chunks/0s_4tal7m9f_d.css was preloaded using link preload but not used within a few seconds from the window's load event. Please make sure it has an appropriate `as` value and it is preloaded intentionally. @ https://vercel.com/login?next=%2Feunjuhyun88s-projects%2Fcogochi-2%2Fsettings%2Fenvironment:0
[   14461ms] [WARNING] The resource https://vercel.com/_next/static/immutable/media/ebay-dark.34mho2a18qqlt.svg was preloaded using link preload but not used within a few seconds from the window's load event. Please make sure it has an appropriate `as` value and it is preloaded intentionally. @ https://vercel.com/login?next=%2Feunjuhyun88s-projects%2Fcogochi-2%2Fsettings%2Fenvironment:0
[   14461ms] [WARNING] The resource https://vercel.com/_next/static/immutable/media/adobe-light.406_7oryl71va.svg was preloaded using link preload but not used within a few seconds from the window's load event. Please make sure it has an appropriate `as` value and it is preloaded intentionally. @ https://vercel.com/login?next=%2Feunjuhyun88s-projects%2Fcogochi-2%2Fsettings%2Fenvironment:0
[   14461ms] [WARNING] The resource https://vercel.com/_next/static/immutable/media/ebay-light.3ft_ki8203ov0.svg was preloaded using link preload but not used within a few seconds from the window's load event. Please make sure it has an appropriate `as` value and it is preloaded intentionally. @ https://vercel.com/login?next=%2Feunjuhyun88s-projects%2Fcogochi-2%2Fsettings%2Fenvironment:0
[   14461ms] [WARNING] The resource https://vercel.com/_next/static/immutable/chunks/2uy8z5mjkbsfz.css was preloaded using link preload but not used within a few seconds from the window's load event. Please make sure it has an appropriate `as` value and it is preloaded intentionally. @ https://vercel.com/login?next=%2Feunjuhyun88s-projects%2Fcogochi-2%2Fsettings%2Fenvironment:0
[   14462ms] [WARNING] The resource https://vercel.com/_next/static/immutable/media/adobe-dark.1yc1msmmj95aw.svg was preloaded using link preload but not used within a few seconds from the window's load event. Please make sure it has an appropriate `as` value and it is preloaded intentionally. @ https://vercel.com/login?next=%2Feunjuhyun88s-projects%2Fcogochi-2%2Fsettings%2Fenvironment:0
[   14462ms] [WARNING] The resource https://vercel.com/_next/static/immutable/media/stripe-light.2l_1jctpe6k_4.svg was preloaded using link preload but not used within a few seconds from the window's load event. Please make sure it has an appropriate `as` value and it is preloaded intentionally. @ https://vercel.com/login?next=%2Feunjuhyun88s-projects%2Fcogochi-2%2Fsettings%2Fenvironment:0
[   14462ms] [WARNING] The resource https://vercel.com/_next/static/immutable/media/stripe-dark.16ozjth2vgb_3.svg was preloaded using link preload but not used within a few seconds from the window's load event. Please make sure it has an appropriate `as` value and it is preloaded intentionally. @ https://vercel.com/login?next=%2Feunjuhyun88s-projects%2Fcogochi-2%2Fsettings%2Fenvironment:0
[   14462ms] [WARNING] The resource https://vercel.com/_next/static/immutable/chunks/1_1b0szk1qyd1.css was preloaded using link preload but not used within a few seconds from the window's load event. Please make sure it has an appropriate `as` value and it is preloaded intentionally. @ https://vercel.com/login?next=%2Feunjuhyun88s-projects%2Fcogochi-2%2Fsettings%2Fenvironment:0
[   14462ms] [WARNING] The resource https://vercel.com/_next/static/immutable/chunks/0s_4tal7m9f_d.css was preloaded using link preload but not used within a few seconds from the window's load event. Please make sure it has an appropriate `as` value and it is preloaded intentionally. @ https://vercel.com/login?next=%2Feunjuhyun88s-projects%2Fcogochi-2%2Fsettings%2Fenvironment:0
[   26507ms] [VERBOSE] [DOM] Password field is not contained in a form: (More info: https://goo.gl/9p2vKq) %o @ https://accounts.google.com/v3/signin/identifier?opparams=%253F&dsh=S-1810111008%3A1776798508182070&client_id=258013614557-nema0dumfbottebi6to7aqi85qot9pvs.apps.googleusercontent.com&o2v=2&redirect_uri=https%3A%2F%2Fvercel.com%2Fapi%2Fregistration%2Fgoogle%2Fcallback&response_type=code&scope=openid+profile+email&service=lso&state=e52821b6e65c40b3edcbfc3b9f2f7de1c32448b2fff99327df481238583f440559359a66becc088d6dea19166950791360c3213177e9371a8473c058cd7f1faf1f7819878a38715498d2d40194859242e2ca6d4869d4ca5d2685f8a98138d6f77258eb50a3894e05c0e9639fa0055e0651896d12254f58175ab484499f1259dcea7f2517570e18fa22fcbce456a1c36d293edbf2c872eb569c09bb88d8e2870fe9f9b258828ef49cb356b94bfc6ababfcff33c33347da1ec1f29ad5ee423628e9f0715873aef00ae5956007747981d4c6dc51a0972835ef91db52bc6b59f8acf5750742e4c20709d8a85b185425a9c7f729b679295b332d606223b9d50e6d984ccc1db211c13957bf07fdde48bca62286d6cbb36da014d037a0fed25d3a0b2653d8e5b3b71cf5d55cc52e4cb80f99beedf262dfeb027a3b0a4795c6bf954adef0c529ba1c80d12f43f20ac4f&flowName=GeneralOAuthFlow&continue=https%3A%2F%2Faccounts.google.com%2Fsignin%2Foauth%2Fconsent%3Fauthuser%3Dunknown%26part%3DAJi8hANKVCUIRR2uyVuyKDBCuGXHf7QgxmC1jIYb20SHpH_LSO_OOfK-uzT5-iSV8-g97UboXJ6BrBc74Qw8yyhryzeaWyYm3osZ_VCLCoGGSQHRt-ntbW_Aq1H-1HkwxrtKy4MfBmGdM-NmgUK7iaiejNF7kxFCKCQLjucNVYOCiipAtfNs4IgpjrL5EODQN797bOxYfcJf0QPoUpF1Vg8nG1Z1hC6Lp8Rq-Te2hPD0zNJcF3PrJqU1Ix8BYpej8bG88LWgygJprtx7VB_op3R8JerBWWnyBS5dL_-46jLqGlak5HAIGDtln7w37e8g4XujnrVaypu0gzXiCN-78Arxo7mF_RrsGZSZUouOos1EHF2xtB4wSzuNcNilCg18rIUPNFHCf_KLwjhZ5k0qDd7axiy4ikone666zUQlfBBgf_42B5Oy38ik1JT68xGAgALuFUR79hdeMVxsxIg46hPxMMDnV18_zQ%26flowName%3DGeneralOAuthFlow%26as%3DS-1810111008%253A1776798508182070%26client_id%3D258013614557-nema0dumfbottebi6to7aqi85qot9pvs.apps.googleusercontent.com%26requestPath%3D%252Fsignin%252Foauth%252Fconsent%23&app_domain=https%3A%2F%2Fvercel.com&rart=ANgoxceKRaRVy01gsZSoDZ-cQLIh3YryokVl8LkbJtioa-08Dyg3VdI_tiLdwsxEvvyHVMLos6fQv-YLQkbarx6jyy-itJUqOXpSGQEZiQ4ncFpet3VqcIk:0
[   26512ms] [LOG] %c%s color: red; background: yellow; font-size: 24px; 경고! @ https://www.gstatic.com/_/mss/boq-identity/_/js/k=boq-identity.AccountsSignInUi.ko.IXOZ4XZxCXQ.es5.O/am=Kf8GAABCEUgGwP___z8AIACCaOB6FoAmEBkAAAAAAAAAALBAAAAaAQ/d=1/excm=_b,_tp,identifierview/ed=1/dg=0/wt=2/ujg=1/rs=AOaEmlEqmKUrjUb2_UjlDuKW7ca_wdtn6w/dti=1/m=_b,_tp:468
[   26512ms] [LOG] %c%s font-size: 18px; 이 콘솔을 사용하면 공격자가 Self-XSS라는 공격을 통해 내 신원을 도용하여 내 정보를 빼낼 수 있습니다.
알지 못하는 코드를 입력하거나 붙여넣지 마세요. @ https://www.gstatic.com/_/mss/boq-identity/_/js/k=boq-identity.AccountsSignInUi.ko.IXOZ4XZxCXQ.es5.O/am=Kf8GAABCEUgGwP___z8AIACCaOB6FoAmEBkAAAAAAAAAALBAAAAaAQ/d=1/excm=_b,_tp,identifierview/ed=1/dg=0/wt=2/ujg=1/rs=AOaEmlEqmKUrjUb2_UjlDuKW7ca_wdtn6w/dti=1/m=_b,_tp:468
[   32737ms] [LOG] %c
▲

__  __                                     _            __
\ \/ /___  __  __   _________ _____       (_)_  _______/ /_
 \  / __ \/ / / /  / ___/ __ `/ __ \     / / / / / ___/ __/
 / / /_/ / /_/ /  / /__/ /_/ / / / /    / / /_/ (__  ) /_
/_/\____/\__,_/   \___/\__,_/_/ /_/  __/ /\__,_/____/\__/
         __    _          __  __    /___/
   _____/ /_  (_)___     / /_/ /_  (_)___  ____ ______
  / ___/ __ \/ / __ \   / __/ __ \/ / __ \/ __ `/ ___/
 (__  ) / / / / /_/ /  / /_/ / / / / / / / /_/ (__  )
/____/_/ /_/_/ .___/   \__/_/ /_/_/_/ /_/\__, /____/
            /_/                         /____/
  

Hello!

- Open Source https://vercel.com/oss
- Careers https://vercel.com/careers
- Status https://vercel-status.com

 font-family: "Geist Mono", monospace; white-space: pre; line-height: 1; @ https://vercel.com/_next/static/immutable/chunks/1sjcl_g7---zh.js:78
[   33069ms] [WARNING] [GSI_LOGGER]: Your client application uses one of the Google One Tap prompt UI status methods that may stop functioning when FedCM becomes mandatory. Refer to the migration guide to update your code accordingly and opt-in to FedCM to test your changes. Learn more: https://developers.google.com/identity/gsi/web/guides/fedcm-migration?s=dc#display_moment and https://developers.google.com/identity/gsi/web/guides/fedcm-migration?s=dc#skipped_moment @ https://accounts.google.com/gsi/client:84
[   33081ms] [ERROR] Not signed in with the identity provider. @ https://vercel.com/login?next=%2Feunjuhyun88s-projects%2Fcogochi-2%2Fsettings%2Fenvironment:0
[   33112ms] [ERROR] Failed to load resource: the server responded with a status of 403 () @ https://vercel.com/api/jwt:0
[   33149ms] [WARNING] Deprecated API for given entry type. @ https://vercel.com/_next/static/immutable/chunks/14pd6hnsz7a70.js:18
[   36284ms] [WARNING] The resource https://vercel.com/_next/static/immutable/media/ebay-dark.34mho2a18qqlt.svg was preloaded using link preload but not used within a few seconds from the window's load event. Please make sure it has an appropriate `as` value and it is preloaded intentionally. @ https://vercel.com/login?next=%2Feunjuhyun88s-projects%2Fcogochi-2%2Fsettings%2Fenvironment:0
[   36284ms] [WARNING] The resource https://vercel.com/_next/static/immutable/media/adobe-light.406_7oryl71va.svg was preloaded using link preload but not used within a few seconds from the window's load event. Please make sure it has an appropriate `as` value and it is preloaded intentionally. @ https://vercel.com/login?next=%2Feunjuhyun88s-projects%2Fcogochi-2%2Fsettings%2Fenvironment:0
[   36284ms] [WARNING] The resource https://vercel.com/_next/static/immutable/media/ebay-light.3ft_ki8203ov0.svg was preloaded using link preload but not used within a few seconds from the window's load event. Please make sure it has an appropriate `as` value and it is preloaded intentionally. @ https://vercel.com/login?next=%2Feunjuhyun88s-projects%2Fcogochi-2%2Fsettings%2Fenvironment:0
[   36284ms] [WARNING] The resource https://vercel.com/_next/static/immutable/chunks/2uy8z5mjkbsfz.css was preloaded using link preload but not used within a few seconds from the window's load event. Please make sure it has an appropriate `as` value and it is preloaded intentionally. @ https://vercel.com/login?next=%2Feunjuhyun88s-projects%2Fcogochi-2%2Fsettings%2Fenvironment:0
[   36284ms] [WARNING] The resource https://vercel.com/_next/static/immutable/media/adobe-dark.1yc1msmmj95aw.svg was preloaded using link preload but not used within a few seconds from the window's load event. Please make sure it has an appropriate `as` value and it is preloaded intentionally. @ https://vercel.com/login?next=%2Feunjuhyun88s-projects%2Fcogochi-2%2Fsettings%2Fenvironment:0
[   36284ms] [WARNING] The resource https://vercel.com/_next/static/immutable/media/stripe-light.2l_1jctpe6k_4.svg was preloaded using link preload but not used within a few seconds from the window's load event. Please make sure it has an appropriate `as` value and it is preloaded intentionally. @ https://vercel.com/login?next=%2Feunjuhyun88s-projects%2Fcogochi-2%2Fsettings%2Fenvironment:0
[   36284ms] [WARNING] The resource https://vercel.com/_next/static/immutable/media/stripe-dark.16ozjth2vgb_3.svg was preloaded using link preload but not used within a few seconds from the window's load event. Please make sure it has an appropriate `as` value and it is preloaded intentionally. @ https://vercel.com/login?next=%2Feunjuhyun88s-projects%2Fcogochi-2%2Fsettings%2Fenvironment:0
[   36284ms] [WARNING] The resource https://vercel.com/_next/static/immutable/chunks/1_1b0szk1qyd1.css was preloaded using link preload but not used within a few seconds from the window's load event. Please make sure it has an appropriate `as` value and it is preloaded intentionally. @ https://vercel.com/login?next=%2Feunjuhyun88s-projects%2Fcogochi-2%2Fsettings%2Fenvironment:0
[   36284ms] [WARNING] The resource https://vercel.com/_next/static/immutable/chunks/0s_4tal7m9f_d.css was preloaded using link preload but not used within a few seconds from the window's load event. Please make sure it has an appropriate `as` value and it is preloaded intentionally. @ https://vercel.com/login?next=%2Feunjuhyun88s-projects%2Fcogochi-2%2Fsettings%2Fenvironment:0
